# JRE version: OpenJDK Runtime Environment (17.0.6) (build 17.0.6+0-b2043.56-9586694)
# Java VM: OpenJDK 64-Bit Server VM (17.0.6+0-b2043.56-9586694, mixed mode, tiered, compressed oops, compressed class ptrs, g1 gc, windows-amd64)
GC Precious Log:
 CPUs: 24 total, 24 available
 Memory: 32509M
 Large Page Support: Disabled
 NUMA Support: Disabled
 Compressed Oops: Enabled (32-bit)
 Heap Region Size: 1M
 Heap Min Capacity: 8M
 Heap Initial Capacity: 508M
 Heap Max Capacity: 2G
 Pre-touch: Disabled
 Parallel Workers: 18
 Concurrent Workers: 5
 Concurrent Refinement Workers: 18
 Periodic GC: Disabled
Heap:
 garbage-first heap   total 68608K, used 41694K [0x0000000080000000, 0x0000000100000000)
  region size 1024K, 22 young (22528K), 3 survivors (3072K)
 Metaspace       used 40586K, committed 40896K, reserved 1089536K
  class space    used 5368K, committed 5504K, reserved 1048576K
GC Heap History (16 events):
Event: 0.365 GC heap before
{Heap before GC invocations=0 (full 0):
 garbage-first heap   total 520192K, used 28672K [0x0000000080000000, 0x0000000100000000)
  region size 1024K, 25 young (25600K), 0 survivors (0K)
 Metaspace       used 10437K, committed 10624K, reserved 1064960K
  class space    used 1073K, committed 1152K, reserved 1048576K
}
Event: 0.368 GC heap after
{Heap after GC invocations=1 (full 0):
 garbage-first heap   total 520192K, used 10604K [0x0000000080000000, 0x0000000100000000)
  region size 1024K, 4 young (4096K), 4 survivors (4096K)
 Metaspace       used 10437K, committed 10624K, reserved 1064960K
  class space    used 1073K, committed 1152K, reserved 1048576K
}
Event: 0.520 GC heap before
{Heap before GC invocations=1 (full 0):
 garbage-first heap   total 520192K, used 41324K [0x0000000080000000, 0x0000000100000000)
  region size 1024K, 34 young (34816K), 4 survivors (4096K)
 Metaspace       used 11270K, committed 11520K, reserved 1064960K
  class space    used 1167K, committed 1280K, reserved 1048576K
}
Event: 0.522 GC heap after
{Heap after GC invocations=2 (full 0):
 garbage-first heap   total 520192K, used 14854K [0x0000000080000000, 0x0000000100000000)
  region size 1024K, 5 young (5120K), 5 survivors (5120K)
 Metaspace       used 11270K, committed 11520K, reserved 1064960K
  class space    used 1167K, committed 1280K, reserved 1048576K
}
Event: 1.025 GC heap before
{Heap before GC invocations=2 (full 0):
 garbage-first heap   total 520192K, used 48646K [0x0000000080000000, 0x0000000100000000)
  region size 1024K, 39 young (39936K), 5 survivors (5120K)
 Metaspace       used 21210K, committed 21504K, reserved 1073152K
  class space    used 2564K, committed 2752K, reserved 1048576K
}
Event: 1.029 GC heap after
{Heap after GC invocations=3 (full 0):
 garbage-first heap   total 520192K, used 18440K [0x0000000080000000, 0x0000000100000000)
  region size 1024K, 8 young (8192K), 8 survivors (8192K)
 Metaspace       used 21210K, committed 21504K, reserved 1073152K
  class space    used 2564K, committed 2752K, reserved 1048576K
}
Event: 1.300 GC heap before
{Heap before GC invocations=4 (full 0):
 garbage-first heap   total 68608K, used 51208K [0x0000000080000000, 0x0000000100000000)
  region size 1024K, 41 young (41984K), 8 survivors (8192K)
 Metaspace       used 26183K, committed 26496K, reserved 1073152K
  class space    used 3424K, committed 3584K, reserved 1048576K
}
Event: 1.303 GC heap after
{Heap after GC invocations=5 (full 0):
 garbage-first heap   total 68608K, used 20627K [0x0000000080000000, 0x0000000100000000)
  region size 1024K, 11 young (11264K), 11 survivors (11264K)
 Metaspace       used 26183K, committed 26496K, reserved 1073152K
  class space    used 3424K, committed 3584K, reserved 1048576K
}
Event: 1.310 GC heap before
{Heap before GC invocations=5 (full 0):
 garbage-first heap   total 68608K, used 21651K [0x0000000080000000, 0x0000000100000000)
  region size 1024K, 12 young (12288K), 11 survivors (11264K)
 Metaspace       used 26314K, committed 26624K, reserved 1073152K
  class space    used 3448K, committed 3584K, reserved 1048576K
}
Event: 1.313 GC heap after
{Heap after GC invocations=6 (full 0):
 garbage-first heap   total 68608K, used 21148K [0x0000000080000000, 0x0000000100000000)
  region size 1024K, 1 young (1024K), 1 survivors (1024K)
 Metaspace       used 26314K, committed 26624K, reserved 1073152K
  class space    used 3448K, committed 3584K, reserved 1048576K
}
Event: 1.538 GC heap before
{Heap before GC invocations=6 (full 0):
 garbage-first heap   total 68608K, used 47772K [0x0000000080000000, 0x0000000100000000)
  region size 1024K, 27 young (27648K), 1 survivors (1024K)
 Metaspace       used 30458K, committed 30720K, reserved 1081344K
  class space    used 4120K, committed 4224K, reserved 1048576K
}
Event: 1.539 GC heap after
{Heap after GC invocations=7 (full 0):
 garbage-first heap   total 68608K, used 21771K [0x0000000080000000, 0x0000000100000000)
  region size 1024K, 2 young (2048K), 2 survivors (2048K)
 Metaspace       used 30458K, committed 30720K, reserved 1081344K
  class space    used 4120K, committed 4224K, reserved 1048576K
}
Event: 1.759 GC heap before
{Heap before GC invocations=7 (full 0):
 garbage-first heap   total 68608K, used 49419K [0x0000000080000000, 0x0000000100000000)
  region size 1024K, 29 young (29696K), 2 survivors (2048K)
 Metaspace       used 35089K, committed 35456K, reserved 1081344K
  class space    used 4842K, committed 4992K, reserved 1048576K
}
Event: 1.760 GC heap after
{Heap after GC invocations=8 (full 0):
 garbage-first heap   total 68608K, used 23373K [0x0000000080000000, 0x0000000100000000)
  region size 1024K, 4 young (4096K), 4 survivors (4096K)
 Metaspace       used 35089K, committed 35456K, reserved 1081344K
  class space    used 4842K, committed 4992K, reserved 1048576K
}
Event: 1.787 GC heap before
{Heap before GC invocations=8 (full 0):
 garbage-first heap   total 68608K, used 25421K [0x0000000080000000, 0x0000000100000000)
  region size 1024K, 7 young (7168K), 4 survivors (4096K)
 Metaspace       used 35656K, committed 35968K, reserved 1081344K
  class space    used 4879K, committed 5056K, reserved 1048576K
}
Event: 1.789 GC heap after
{Heap after GC invocations=9 (full 0):
 garbage-first heap   total 68608K, used 24286K [0x0000000080000000, 0x0000000100000000)
  region size 1024K, 3 young (3072K), 3 survivors (3072K)
 Metaspace       used 35656K, committed 35968K, reserved 1081344K
  class space    used 4879K, committed 5056K, reserved 1048576K
}

